<?xml version="1.0" encoding="UTF-8"?>
<!-- Generated by org.testng.reporters.JUnitXMLReporter -->
<testsuite ignored="0" hostname="Persevere" failures="1" tests="3" name="Error Validation" time="11.141" errors="0" timestamp="2026-02-09T08:36:35 IST">
  <testcase classname="tests.ErrorValidationTest" name="LoginErrorvalidation" time="1.281">
    <skipped/>
  </testcase> <!-- LoginErrorvalidation -->
  <testcase classname="tests.ErrorValidationTest" name="LoginErrorvalidation" time="0.54">
    <failure type="java.lang.AssertionError" message="expected [Incorrect email password.] but found [Incorrect email or password.]">
      <![CDATA[java.lang.AssertionError: expected [Incorrect email password.] but found [Incorrect email or password.]
at tests.ErrorValidationTest.LoginErrorvalidation(ErrorValidationTest.java:20)
at java.base/java.util.ArrayList.forEach(ArrayList.java:1596)
at java.base/java.util.concurrent.FutureTask.run(FutureTask.java:317)
at java.base/java.util.concurrent.ThreadPoolExecutor.runWorker(ThreadPoolExecutor.java:1144)
at java.base/java.util.concurrent.ThreadPoolExecutor$Worker.run(ThreadPoolExecutor.java:642)
at java.base/java.lang.Thread.run(Thread.java:1583)
... Removed 21 stack frames]]>
    </failure>
  </testcase> <!-- LoginErrorvalidation -->
  <testcase classname="tests.ErrorValidationTest" name="ProductErrorValidation" time="2.144"/>
</testsuite> <!-- Error Validation -->
