<?xml version="1.0" encoding="UTF-8"?>
<!-- Generated by org.testng.reporters.JUnitXMLReporter -->
<testsuite ignored="0" hostname="Persevere" failures="0" tests="3" name="Submit order Test" time="18.981" errors="0" timestamp="2026-02-09T08:36:42 IST">
  <testcase classname="tests.SubmitOrder" name="submitOrder" time="4.702"/>
  <testcase classname="tests.SubmitOrder" name="submitOrder" time="4.291"/>
  <testcase classname="tests.SubmitOrder" name="OrderHistoryTest" time="0.996"/>
</testsuite> <!-- Submit order Test -->
