<?xml version="1.0" encoding="UTF-8"?>
<!-- Generated by org.testng.reporters.JUnitXMLReporter -->
<testsuite ignored="0" hostname="Persevere" failures="0" tests="3" name="Submit order Test" time="27.028" errors="0" timestamp="2026-02-10T22:24:23 IST">
  <testcase classname="tests.SubmitOrder" name="submitOrder" time="5.494"/>
  <testcase classname="tests.SubmitOrder" name="submitOrder" time="5.141"/>
  <testcase classname="tests.SubmitOrder" name="OrderHistoryTest" time="1.613"/>
</testsuite> <!-- Submit order Test -->
