<?xml version="1.0" encoding="UTF-8"?>
<!-- Generated by org.testng.reporters.JUnitReportReporter -->
<testsuite hostname="Persevere" failures="0" tests="3" name="tests.SubmitOrder" time="18.709" errors="0" timestamp="2026-02-09T08:36:43 IST" skipped="0">
  <testcase classname="tests.SubmitOrder" name="OrderHistoryTest" time="5.898"/>
  <testcase classname="tests.SubmitOrder" name="submitOrder" time="6.722"/>
  <testcase classname="tests.SubmitOrder" name="submitOrder" time="6.089"/>
</testsuite> <!-- tests.SubmitOrder -->
