<?xml version="1.0" encoding="UTF-8"?>
<!-- Generated by org.testng.reporters.JUnitReportReporter -->
<testsuite hostname="Persevere" failures="0" tests="2" name="tests.ErrorValidationTest" time="14.071" errors="0" timestamp="2026-02-10T22:24:23 IST" skipped="0">
  <testcase classname="tests.ErrorValidationTest" name="LoginErrorvalidation" time="7.179"/>
  <testcase classname="tests.ErrorValidationTest" name="ProductErrorValidation" time="6.892"/>
</testsuite> <!-- tests.ErrorValidationTest -->
