<?xml version="1.0" encoding="UTF-8"?>
<!-- Generated by org.testng.reporters.JUnitReportReporter -->
<testsuite hostname="Persevere" failures="0" tests="3" name="tests.SubmitOrder" time="26.766" errors="0" timestamp="2026-02-10T22:24:23 IST" skipped="0">
  <testcase classname="tests.SubmitOrder" name="OrderHistoryTest" time="5.551"/>
  <testcase classname="tests.SubmitOrder" name="submitOrder" time="9.453"/>
  <testcase classname="tests.SubmitOrder" name="submitOrder" time="11.762"/>
</testsuite> <!-- tests.SubmitOrder -->
